<?xml version="1.0" encoding="UTF-8"?>
<!-- Generated by org.testng.reporters.JUnitReportReporter -->
<testsuite hostname="DESKTOP-NKMA408" failures="0" tests="1" name="TestRunner.TestRunner" time="28.226" errors="0" timestamp="2025-09-14T10:59:40 BDT" skipped="0">
  <testcase classname="TestRunner.TestRunner" name="runScenario" time="28.226"/>
  <system-out/>
</testsuite> <!-- TestRunner.TestRunner -->
